<?xml version="1.0" encoding="UTF-8"?>

<beans:beans xmlns:beans="http://www.springframework.org/schema/beans"
 xmlns="http://www.springframework.org/schema/security"
 xmlns:xsi="http://www.w3.org/2001/XMLSchema-instance"
 xmlns:context="http://www.springframework.org/schema/context"
 xsi:schemaLocation="http://www.springframework.org/schema/security http://www.springframework.org/schema/security/spring-security-3.0.xsd
		http://www.springframework.org/schema/beans http://www.springframework.org/schema/beans/spring-beans-2.5.xsd
		http://www.springframework.org/schema/context http://www.springframework.org/schema/context/spring-context-3.0.xsd">

<!-- <beans:bean id="another" class="com.habuma.spitter.method.AnotherSecuredClass" />-->
<!-- <beans:bean id="securedClass" class="com.habuma.spitter.method.SecuredClass" />-->

  <context:component-scan base-package="com.habuma.spitter.method" />

 <authentication-manager alias="authenticationManager">
  <authentication-provider user-service-ref="userService" />
 </authentication-manager>
 
 <global-method-security pre-post-annotations="enabled"
       secured-annotations="enabled">
   <protect-pointcut access="ROLE_SPITTER" 
       expression="execution(* *.*(String))"/>
 </global-method-security>

 <user-service id="userService">
  <user name="habuma" password="letmein" authorities="ROLE_SPITTER,ROLE_ADMIN" />
  <user name="twoqubed" password="longhorns" authorities="ROLE_NOT_ALLOWED" />
  <user name="admin" password="admin" authorities="ROLE_ADMIN" />
 </user-service>
</beans:beans>
