<?xml version="1.0" encoding="UTF-8"?>

<beans xmlns="http://www.springframework.org/schema/beans"
   xmlns:xsi="http://www.w3.org/2001/XMLSchema-instance" 
   xmlns:tx="http://www.springframework.org/schema/tx"
   xsi:schemaLocation="http://www.springframework.org/schema/beans 
    http://www.springframework.org/schema/beans/spring-beans-2.0.xsd
		http://www.springframework.org/schema/tx 
      http://www.springframework.org/schema/tx/spring-tx.xsd">

  <bean id="txMgr" 
      class="org.springframework.orm.hibernate3.HibernateTransactionManager">
    <property name="sessionFactory" ref="sessionFactory" />
    <property name="dataSource" ref="dataSource" />
  </bean>

  <tx:annotation-driven transaction-manager="txMgr" />
</beans>
